2022-01-25 13:41:53.697  INFO 12360 --- [restartedMain] com.GDLearn.GdLearnApplication           : Starting GdLearnApplication using Java 16.0.1 on DESKTOP-9LDFGP4 with PID 12360 (C:\lab\ProjectFile\GDLearn\target\classes started by 69031 in C:\lab\ProjectFile\GDLearn)
2022-01-25 13:41:53.701  INFO 12360 --- [restartedMain] com.GDLearn.GdLearnApplication           : No active profile set, falling back to default profiles: default
2022-01-25 13:41:53.735  INFO 12360 --- [restartedMain] .e.DevToolsPropertyDefaultsPostProcessor : Devtools property defaults active! Set 'spring.devtools.add-properties' to 'false' to disable
2022-01-25 13:41:53.736  INFO 12360 --- [restartedMain] .e.DevToolsPropertyDefaultsPostProcessor : For additional web related logging consider setting the 'logging.level.web' property to 'DEBUG'
2022-01-25 13:41:54.392  INFO 12360 --- [restartedMain] .s.d.r.c.RepositoryConfigurationDelegate : Multiple Spring Data modules found, entering strict repository configuration mode!
2022-01-25 13:41:54.394  INFO 12360 --- [restartedMain] .s.d.r.c.RepositoryConfigurationDelegate : Bootstrapping Spring Data Redis repositories in DEFAULT mode.
2022-01-25 13:41:54.424  INFO 12360 --- [restartedMain] .s.d.r.c.RepositoryConfigurationDelegate : Finished Spring Data repository scanning in 18 ms. Found 0 Redis repository interfaces.
2022-01-25 13:41:54.696  INFO 12360 --- [restartedMain] trationDelegate$BeanPostProcessorChecker : Bean 'org.springframework.security.access.expression.method.DefaultMethodSecurityExpressionHandler@61261b18' of type [org.springframework.security.access.expression.method.DefaultMethodSecurityExpressionHandler] is not eligible for getting processed by all BeanPostProcessors (for example: not eligible for auto-proxying)
2022-01-25 13:41:54.699  INFO 12360 --- [restartedMain] trationDelegate$BeanPostProcessorChecker : Bean 'methodSecurityMetadataSource' of type [org.springframework.security.access.method.DelegatingMethodSecurityMetadataSource] is not eligible for getting processed by all BeanPostProcessors (for example: not eligible for auto-proxying)
2022-01-25 13:41:54.961  INFO 12360 --- [restartedMain] o.s.b.w.embedded.tomcat.TomcatWebServer  : Tomcat initialized with port(s): 8081 (http)
2022-01-25 13:41:54.970  INFO 12360 --- [restartedMain] o.apache.catalina.core.StandardService   : Starting service [Tomcat]
2022-01-25 13:41:54.970  INFO 12360 --- [restartedMain] org.apache.catalina.core.StandardEngine  : Starting Servlet engine: [Apache Tomcat/9.0.53]
2022-01-25 13:41:55.029  INFO 12360 --- [restartedMain] o.a.c.c.C.[Tomcat].[localhost].[/]       : Initializing Spring embedded WebApplicationContext
2022-01-25 13:41:55.029  INFO 12360 --- [restartedMain] w.s.c.ServletWebServerApplicationContext : Root WebApplicationContext: initialization completed in 1293 ms
2022-01-25 13:41:55.700  INFO 12360 --- [restartedMain] o.s.s.web.DefaultSecurityFilterChain     : Will secure any request with [org.springframework.security.web.context.request.async.WebAsyncManagerIntegrationFilter@32f56d8f, org.springframework.security.web.context.SecurityContextPersistenceFilter@8579dd2, org.springframework.security.web.header.HeaderWriterFilter@1cbbdf98, org.springframework.web.filter.CorsFilter@1827af48, org.springframework.security.web.authentication.logout.LogoutFilter@4dd21854, com.GDLearn.security.CaptchaFilter@58fa7820, org.springframework.security.web.authentication.UsernamePasswordAuthenticationFilter@5f58ca1f, com.GDLearn.security.JwtAuthenticationFilter@42545019, org.springframework.security.web.savedrequest.RequestCacheAwareFilter@a993234, org.springframework.security.web.servletapi.SecurityContextHolderAwareRequestFilter@630b5c48, org.springframework.security.web.authentication.AnonymousAuthenticationFilter@233dcf8d, org.springframework.security.web.session.SessionManagementFilter@771bfd61, org.springframework.security.web.access.ExceptionTranslationFilter@7aa561d7]
2022-01-25 13:41:56.042  INFO 12360 --- [restartedMain] o.s.b.d.a.OptionalLiveReloadServer       : LiveReload server is running on port 35729
2022-01-25 13:41:56.090  INFO 12360 --- [restartedMain] o.s.b.w.embedded.tomcat.TomcatWebServer  : Tomcat started on port(s): 8081 (http) with context path ''
2022-01-25 13:41:56.100  INFO 12360 --- [restartedMain] com.GDLearn.GdLearnApplication           : Started GdLearnApplication in 2.78 seconds (JVM running for 3.49)
2022-01-25 13:41:58.861  INFO 12360 --- [http-nio-8081-exec-1] o.a.c.c.C.[Tomcat].[localhost].[/]       : Initializing Spring DispatcherServlet 'dispatcherServlet'
2022-01-25 13:41:58.862  INFO 12360 --- [http-nio-8081-exec-1] o.s.web.servlet.DispatcherServlet        : Initializing Servlet 'dispatcherServlet'
2022-01-25 13:41:58.863  INFO 12360 --- [http-nio-8081-exec-1] o.s.web.servlet.DispatcherServlet        : Completed initialization in 1 ms
2022-01-25 13:41:58.935  INFO 12360 --- [http-nio-8081-exec-2] com.zaxxer.hikari.HikariDataSource       : HikariPool-1 - Starting...
2022-01-25 13:41:59.024  INFO 12360 --- [http-nio-8081-exec-2] com.zaxxer.hikari.HikariDataSource       : HikariPool-1 - Start completed.
2022-01-25 13:53:19.663 ERROR 12360 --- [http-nio-8081-exec-1] c.G.exception.GlobalExceptionHandler     : 错误！运行时异常！-------------->>Unable to connect to Redis; nested exception is io.lettuce.core.RedisConnectionException: Unable to connect to 127.0.0.1/<unresolved>:6379
2022-01-25 13:53:19.665  WARN 12360 --- [http-nio-8081-exec-1] .m.m.a.ExceptionHandlerExceptionResolver : Resolved [org.springframework.data.redis.RedisConnectionFailureException: Unable to connect to Redis; nested exception is io.lettuce.core.RedisConnectionException: Unable to connect to 127.0.0.1/<unresolved>:6379]
